<?xml version="1.0" encoding="UTF-8"?>
<testng-results skipped="0" failed="0" total="2" passed="2">
  <reporter-output>
  </reporter-output>
  <suite name="Default suite" duration-ms="104417" started-at="2017-03-28T09:53:22Z" finished-at="2017-03-28T09:55:07Z">
    <groups>
    </groups>
    <test name="Default test" duration-ms="104417" started-at="2017-03-28T09:53:22Z" finished-at="2017-03-28T09:55:07Z">
      <class name="com.brillio.tests.testGmail">
        <test-method status="PASS" signature="initDriver([Ljava.lang.Object;)[pri:0, instance:com.brillio.tests.testGmail@523884b2]" name="initDriver" is-config="true" duration-ms="21644" started-at="2017-03-28T15:23:22Z" finished-at="2017-03-28T15:23:44Z">
          <params>
            <param index="0">
              <value>
                <![CDATA[[Ljava.lang.Object;@5d2828c9]]>
              </value>
            </param>
          </params>
          <reporter-output>
          </reporter-output>
        </test-method> <!-- initDriver -->
        <test-method status="PASS" signature="initReport(java.lang.reflect.Method, [Ljava.lang.Object;)[pri:0, instance:com.brillio.tests.testGmail@523884b2]" name="initReport" is-config="true" duration-ms="316" started-at="2017-03-28T15:23:44Z" finished-at="2017-03-28T15:23:44Z">
          <params>
            <param index="0">
              <value>
                <![CDATA[public void com.brillio.tests.testGmail.checkLayoutGmail(com.brillio.utility.galenTestBase$TestDevice) throws java.lang.InterruptedException,java.io.IOException,java.awt.AWTException]]>
              </value>
            </param>
            <param index="1">
              <value>
                <![CDATA[[Ljava.lang.Object;@5d2828c9]]>
              </value>
            </param>
          </params>
          <reporter-output>
          </reporter-output>
        </test-method> <!-- initReport -->
        <test-method status="PASS" signature="checkLayoutGmail(com.brillio.utility.galenTestBase$TestDevice)[pri:0, instance:com.brillio.tests.testGmail@523884b2]" name="checkLayoutGmail" duration-ms="42780" started-at="2017-03-28T15:23:44Z" data-provider="devices" finished-at="2017-03-28T15:24:27Z">
          <params>
            <param index="0">
              <value>
                <![CDATA[TestDevice [device=desktop, screenSize=null, tags=[desktop], browser=chrome, URL=https://www.gmail.com/, uniqueID=desktop]]]>
              </value>
            </param>
          </params>
          <reporter-output>
          </reporter-output>
        </test-method> <!-- checkLayoutGmail -->
        <test-method status="PASS" signature="provideTestEndDate()[pri:0, instance:com.brillio.tests.testGmail@523884b2]" name="provideTestEndDate" is-config="true" duration-ms="0" started-at="2017-03-28T15:24:27Z" finished-at="2017-03-28T15:24:27Z">
          <reporter-output>
          </reporter-output>
        </test-method> <!-- provideTestEndDate -->
        <test-method status="PASS" signature="quitDriver()[pri:0, instance:com.brillio.tests.testGmail@523884b2]" name="quitDriver" is-config="true" duration-ms="2811" started-at="2017-03-28T15:24:27Z" finished-at="2017-03-28T15:24:30Z">
          <reporter-output>
          </reporter-output>
        </test-method> <!-- quitDriver -->
        <test-method status="PASS" signature="initDriver([Ljava.lang.Object;)[pri:0, instance:com.brillio.tests.testGmail@523884b2]" name="initDriver" is-config="true" duration-ms="7501" started-at="2017-03-28T15:24:30Z" finished-at="2017-03-28T15:24:37Z">
          <params>
            <param index="0">
              <value>
                <![CDATA[[Ljava.lang.Object;@3a082ff4]]>
              </value>
            </param>
          </params>
          <reporter-output>
          </reporter-output>
        </test-method> <!-- initDriver -->
        <test-method status="PASS" signature="initReport(java.lang.reflect.Method, [Ljava.lang.Object;)[pri:0, instance:com.brillio.tests.testGmail@523884b2]" name="initReport" is-config="true" duration-ms="1" started-at="2017-03-28T15:24:37Z" finished-at="2017-03-28T15:24:37Z">
          <params>
            <param index="0">
              <value>
                <![CDATA[public void com.brillio.tests.testGmail.checkLayoutGmail(com.brillio.utility.galenTestBase$TestDevice) throws java.lang.InterruptedException,java.io.IOException,java.awt.AWTException]]>
              </value>
            </param>
            <param index="1">
              <value>
                <![CDATA[[Ljava.lang.Object;@3a082ff4]]>
              </value>
            </param>
          </params>
          <reporter-output>
          </reporter-output>
        </test-method> <!-- initReport -->
        <test-method status="PASS" signature="checkLayoutGmail(com.brillio.utility.galenTestBase$TestDevice)[pri:0, instance:com.brillio.tests.testGmail@523884b2]" name="checkLayoutGmail" duration-ms="28418" started-at="2017-03-28T15:24:37Z" data-provider="devices" finished-at="2017-03-28T15:25:06Z">
          <params>
            <param index="0">
              <value>
                <![CDATA[TestDevice [device=desktop, screenSize=(400, 600), tags=[mobile], browser=chrome, URL=https://www.gmail.com/, uniqueID=mobile]]]>
              </value>
            </param>
          </params>
          <reporter-output>
          </reporter-output>
        </test-method> <!-- checkLayoutGmail -->
        <test-method status="PASS" signature="quitDriver()[pri:0, instance:com.brillio.tests.testGmail@523884b2]" name="quitDriver" is-config="true" duration-ms="911" started-at="2017-03-28T15:25:06Z" finished-at="2017-03-28T15:25:07Z">
          <reporter-output>
          </reporter-output>
        </test-method> <!-- quitDriver -->
        <test-method status="PASS" signature="provideTestEndDate()[pri:0, instance:com.brillio.tests.testGmail@523884b2]" name="provideTestEndDate" is-config="true" duration-ms="0" started-at="2017-03-28T15:25:06Z" finished-at="2017-03-28T15:25:06Z">
          <reporter-output>
          </reporter-output>
        </test-method> <!-- provideTestEndDate -->
      </class> <!-- com.brillio.tests.testGmail -->
    </test> <!-- Default test -->
  </suite> <!-- Default suite -->
</testng-results>
